<?xml version="1.0" encoding="UTF-8"?>
<!-- Generated by org.testng.reporters.JUnitReportReporter -->
<testsuite hostname="DESKTOP-UI77LPV" failures="0" tests="1" name="test.shaadiregisteraccount" time="3.271" errors="0" timestamp="2024-03-07T19:34:00 IST" skipped="0">
  <testcase classname="test.shaadiregisteraccount" name="varifyregister" time="3.271">
    <system-out>
      <![CDATA[successfully validated homepage]]>
    </system-out>
  </testcase> <!-- varifyregister -->
  <system-out>
    <![CDATA[successfully validated homepage]]>
  </system-out>
</testsuite> <!-- test.shaadiregisteraccount -->
